platforms/android/build/outputs/logs/manifest-merger-debug-report.txt
-- Merging decision tree log ---
manifest
ADDED from platforms\android\AndroidManifest.xml:2:1-33:12
	package
		ADDED from platforms\android\AndroidManifest.xml:2:100-128
		INJECTED from platforms\android\AndroidManifest.xml
		INJECTED from platforms\android\AndroidManifest.xml
	android:versionName
		ADDED from platforms\android\AndroidManifest.xml:2:74-99
		INJECTED from platforms\android\AndroidManifest.xml
		INJECTED from platforms\android\AndroidManifest.xml
	android:hardwareAccelerated
		ADDED from platforms\android\AndroidManifest.xml:2:11-45
	android:versionCode
		ADDED from platforms\android\AndroidManifest.xml:2:46-73
		INJECTED from platforms\android\AndroidManifest.xml
		INJECTED from platforms\android\AndroidManifest.xml
	xmlns:android
		ADDED from platforms\android\AndroidManifest.xml:2:129-187
supports-screens
ADDED from platforms\android\AndroidManifest.xml:3:5-191
	android:largeScreens
		ADDED from platforms\android\AndroidManifest.xml:3:49-76
	android:smallScreens
		ADDED from platforms\android\AndroidManifest.xml:3:132-159
	android:normalScreens
		ADDED from platforms\android\AndroidManifest.xml:3:77-105
	android:xlargeScreens
		ADDED from platforms\android\AndroidManifest.xml:3:160-188
	android:resizeable
		ADDED from platforms\android\AndroidManifest.xml:3:106-131
	android:anyDensity
		ADDED from platforms\android\AndroidManifest.xml:3:23-48
uses-permission#android.permission.INTERNET
ADDED from platforms\android\AndroidManifest.xml:4:5-67
	android:name
		ADDED from platforms\android\AndroidManifest.xml:4:22-64
application
ADDED from platforms\android\AndroidManifest.xml:5:5-24:19
MERGED from [:barcodescanner:] AndroidManifest.xml:11:5-12:19
MERGED from [com.google.android.gms:play-services-auth:10.2.1] AndroidManifest.xml:19:5-25:19
MERGED from [com.google.android.gms:play-services-base:10.2.1] AndroidManifest.xml:18:5-20:19
MERGED from [com.google.android.gms:play-services-basement:10.2.1] AndroidManifest.xml:19:5-21:19
MERGED from [com.android.support:support-v4:25.3.1] AndroidManifest.xml:29:5-20
MERGED from [com.android.support:support-compat:25.3.1] AndroidManifest.xml:29:5-20
MERGED from [com.android.support:support-media-compat:25.3.1] AndroidManifest.xml:29:5-20
MERGED from [com.android.support:support-core-utils:25.3.1] AndroidManifest.xml:29:5-20
MERGED from [com.android.support:support-core-ui:25.3.1] AndroidManifest.xml:29:5-20
MERGED from [com.android.support:support-fragment:25.3.1] AndroidManifest.xml:29:5-20
MERGED from [com.google.android.gms:play-services-tasks:10.2.1] AndroidManifest.xml:4:5-19
MERGED from [com.google.android.gms:play-services-identity:10.2.1] AndroidManifest.xml:18:5-19
MERGED from [com.facebook.android:facebook-android-sdk:4.23.0] AndroidManifest.xml:28:5-48:19
MERGED from [com.android.support:appcompat-v7:25.3.1] AndroidManifest.xml:29:5-20
MERGED from [com.android.support:support-vector-drawable:25.3.1] AndroidManifest.xml:26:5-20
MERGED from [com.android.support:animated-vector-drawable:25.3.1] AndroidManifest.xml:26:5-20
MERGED from [com.android.support:cardview-v7:25.3.1] AndroidManifest.xml:26:5-20
MERGED from [com.android.support:customtabs:25.3.1] AndroidManifest.xml:26:5-20
	android:label
		ADDED from platforms\android\AndroidManifest.xml:5:81-113
	android:supportsRtl
		ADDED from platforms\android\AndroidManifest.xml:5:114-140
	android:hardwareAccelerated
		ADDED from platforms\android\AndroidManifest.xml:5:18-52
	android:icon
		ADDED from platforms\android\AndroidManifest.xml:5:53-80
activity#com.renaltrkrr.app.MainActivity
ADDED from platforms\android\AndroidManifest.xml:6:9-11:20
	android:screenOrientation
		ADDED from platforms\android\AndroidManifest.xml:6:194-230
	android:label
		ADDED from platforms\android\AndroidManifest.xml:6:97-134
	android:launchMode
		ADDED from platforms\android\AndroidManifest.xml:6:135-165
	android:windowSoftInputMode
		ADDED from platforms\android\AndroidManifest.xml:6:294-336
	android:configChanges
		ADDED from platforms\android\AndroidManifest.xml:6:19-96
	android:theme
		ADDED from platforms\android\AndroidManifest.xml:6:231-293
	android:name
		ADDED from platforms\android\AndroidManifest.xml:6:166-193
intent-filter#android.intent.action.MAIN+android.intent.category.LAUNCHER
ADDED from platforms\android\AndroidManifest.xml:7:13-10:29
	android:label
		ADDED from platforms\android\AndroidManifest.xml:7:28-65
action#android.intent.action.MAIN
ADDED from platforms\android\AndroidManifest.xml:8:17-69
	android:name
		ADDED from platforms\android\AndroidManifest.xml:8:25-66
category#android.intent.category.LAUNCHER
ADDED from platforms\android\AndroidManifest.xml:9:17-77
	android:name
		ADDED from platforms\android\AndroidManifest.xml:9:27-74
provider#android.support.v4.content.FileProvider
ADDED from platforms\android\AndroidManifest.xml:12:9-14:20
	android:authorities
		ADDED from platforms\android\AndroidManifest.xml:12:19-66
		INJECTED from platforms\android\AndroidManifest.xml
	android:grantUriPermissions
		ADDED from platforms\android\AndroidManifest.xml:12:92-126
	android:exported
		ADDED from platforms\android\AndroidManifest.xml:12:67-91
	android:name
		ADDED from platforms\android\AndroidManifest.xml:12:127-181
meta-data#android.support.FILE_PROVIDER_PATHS
ADDED from platforms\android\AndroidManifest.xml:13:13-116
	android:resource
		ADDED from platforms\android\AndroidManifest.xml:13:75-113
	android:name
		ADDED from platforms\android\AndroidManifest.xml:13:24-74
activity#com.synconset.MultiImageChooserActivity
ADDED from platforms\android\AndroidManifest.xml:15:9-163
	android:label
		ADDED from platforms\android\AndroidManifest.xml:15:19-57
	android:theme
		ADDED from platforms\android\AndroidManifest.xml:15:113-160
	android:name
		ADDED from platforms\android\AndroidManifest.xml:15:58-112
meta-data#com.facebook.sdk.ApplicationId
ADDED from platforms\android\AndroidManifest.xml:16:9-102
	android:value
		ADDED from platforms\android\AndroidManifest.xml:16:66-99
	android:name
		ADDED from platforms\android\AndroidManifest.xml:16:20-65
meta-data#com.facebook.sdk.ApplicationName
ADDED from platforms\android\AndroidManifest.xml:17:9-106
	android:value
		ADDED from platforms\android\AndroidManifest.xml:17:68-103
	android:name
		ADDED from platforms\android\AndroidManifest.xml:17:20-67
activity#com.facebook.FacebookActivity
ADDED from platforms\android\AndroidManifest.xml:18:9-186
MERGED from [com.facebook.android:facebook-android-sdk:4.23.0] AndroidManifest.xml:29:9-32:66
	android:label
		ADDED from platforms\android\AndroidManifest.xml:18:103-138
	android:configChanges
		ADDED from platforms\android\AndroidManifest.xml:18:19-102
	android:theme
		ADDED from [com.facebook.android:facebook-android-sdk:4.23.0] AndroidManifest.xml:32:13-63
	android:name
		ADDED from platforms\android\AndroidManifest.xml:18:139-183
provider#nl.xservices.plugins.FileProvider
ADDED from platforms\android\AndroidManifest.xml:19:9-21:20
	android:authorities
		ADDED from platforms\android\AndroidManifest.xml:19:19-74
		INJECTED from platforms\android\AndroidManifest.xml
	android:grantUriPermissions
		ADDED from platforms\android\AndroidManifest.xml:19:100-134
	android:exported
		ADDED from platforms\android\AndroidManifest.xml:19:75-99
	android:name
		ADDED from platforms\android\AndroidManifest.xml:19:135-183
activity#com.google.zxing.client.android.CaptureActivity
ADDED from platforms\android\AndroidManifest.xml:22:9-311
	android:clearTaskOnLaunch
		ADDED from platforms\android\AndroidManifest.xml:22:19-51
	android:exported
		ADDED from platforms\android\AndroidManifest.xml:22:114-138
	android:windowSoftInputMode
		ADDED from platforms\android\AndroidManifest.xml:22:261-308
	android:configChanges
		ADDED from platforms\android\AndroidManifest.xml:22:52-113
	android:theme
		ADDED from platforms\android\AndroidManifest.xml:22:202-260
	android:name
		ADDED from platforms\android\AndroidManifest.xml:22:139-201
activity#com.google.zxing.client.android.encode.EncodeActivity
ADDED from platforms\android\AndroidManifest.xml:23:9-112
	android:label
		ADDED from platforms\android\AndroidManifest.xml:23:19-40
	android:name
		ADDED from platforms\android\AndroidManifest.xml:23:41-109
uses-sdk
ADDED from platforms\android\AndroidManifest.xml:25:5-74
MERGED from [:barcodescanner:] AndroidManifest.xml:7:5-9:41
MERGED from [com.google.android.gms:play-services-auth:10.2.1] AndroidManifest.xml:17:5-43
MERGED from [com.google.android.gms:play-services-auth-base:10.2.1] AndroidManifest.xml:4:5-43
MERGED from [com.google.android.gms:play-services-base:10.2.1] AndroidManifest.xml:17:5-43
MERGED from [com.google.android.gms:play-services-basement:10.2.1] AndroidManifest.xml:17:5-43
MERGED from [com.android.support:support-v4:25.3.1] AndroidManifest.xml:21:5-23:54
MERGED from [com.android.support:support-compat:25.3.1] AndroidManifest.xml:21:5-23:58
MERGED from [com.android.support:support-media-compat:25.3.1] AndroidManifest.xml:21:5-23:63
MERGED from [com.android.support:support-core-utils:25.3.1] AndroidManifest.xml:21:5-23:61
MERGED from [com.android.support:support-core-ui:25.3.1] AndroidManifest.xml:21:5-23:58
MERGED from [com.android.support:support-fragment:25.3.1] AndroidManifest.xml:21:5-23:60
MERGED from [com.google.android.gms:play-services-tasks:10.2.1] AndroidManifest.xml:3:5-43
MERGED from [com.google.android.gms:play-services-identity:10.2.1] AndroidManifest.xml:17:5-43
MERGED from [com.facebook.android:facebook-android-sdk:4.23.0] AndroidManifest.xml:24:5-26:41
MERGED from [com.android.support:appcompat-v7:25.3.1] AndroidManifest.xml:21:5-23:78
MERGED from [com.android.support:support-vector-drawable:25.3.1] AndroidManifest.xml:20:5-43
MERGED from [com.android.support:animated-vector-drawable:25.3.1] AndroidManifest.xml:20:5-44
MERGED from [com.android.support:cardview-v7:25.3.1] AndroidManifest.xml:20:5-43
MERGED from [com.android.support:customtabs:25.3.1] AndroidManifest.xml:20:5-44
MERGED from [android:CordovaLib:unspecified:debug] AndroidManifest.xml:25:5-44
	tools:overrideLibrary
		ADDED from [com.android.support:support-v4:25.3.1] AndroidManifest.xml:23:9-51
	android:targetSdkVersion
		ADDED from platforms\android\AndroidManifest.xml:25:42-71
	android:minSdkVersion
		ADDED from platforms\android\AndroidManifest.xml:25:15-41
		INJECTED from platforms\android\AndroidManifest.xml
		INJECTED from platforms\android\AndroidManifest.xml
uses-permission#android.permission.WRITE_EXTERNAL_STORAGE
ADDED from platforms\android\AndroidManifest.xml:26:5-81
	android:name
		ADDED from platforms\android\AndroidManifest.xml:26:22-78
uses-permission#android.permission.GET_ACCOUNTS
ADDED from platforms\android\AndroidManifest.xml:27:5-71
	android:name
		ADDED from platforms\android\AndroidManifest.xml:27:22-68
uses-permission#android.permission.USE_CREDENTIALS
ADDED from platforms\android\AndroidManifest.xml:28:5-74
	android:name
		ADDED from platforms\android\AndroidManifest.xml:28:22-71
uses-permission#android.permission.CAMERA
ADDED from platforms\android\AndroidManifest.xml:29:5-65
	android:name
		ADDED from platforms\android\AndroidManifest.xml:29:22-62
uses-permission#android.permission.FLASHLIGHT
ADDED from platforms\android\AndroidManifest.xml:30:5-69
	android:name
		ADDED from platforms\android\AndroidManifest.xml:30:22-66
uses-feature#android.hardware.camera
ADDED from platforms\android\AndroidManifest.xml:31:5-84
	android:required
		ADDED from platforms\android\AndroidManifest.xml:31:58-81
	android:name
		ADDED from platforms\android\AndroidManifest.xml:31:19-57
uses-permission#android.permission.ACCESS_NETWORK_STATE
ADDED from platforms\android\AndroidManifest.xml:32:5-79
	android:name
		ADDED from platforms\android\AndroidManifest.xml:32:22-76
activity#com.google.android.gms.auth.api.signin.internal.SignInHubActivity
ADDED from [com.google.android.gms:play-services-auth:10.2.1] AndroidManifest.xml:20:9-189
	android:excludeFromRecents
		ADDED from [com.google.android.gms:play-services-auth:10.2.1] AndroidManifest.xml:20:129-162
	android:exported
		ADDED from [com.google.android.gms:play-services-auth:10.2.1] AndroidManifest.xml:20:163-187
	android:theme
		ADDED from [com.google.android.gms:play-services-auth:10.2.1] AndroidManifest.xml:20:69-128
	android:name
		ADDED from [com.google.android.gms:play-services-auth:10.2.1] AndroidManifest.xml:20:19-68
service#com.google.android.gms.auth.api.signin.RevocationBoundService
ADDED from [com.google.android.gms:play-services-auth:10.2.1] AndroidManifest.xml:24:9-184
	android:exported
		ADDED from [com.google.android.gms:play-services-auth:10.2.1] AndroidManifest.xml:24:64-87
	android:permission
		ADDED from [com.google.android.gms:play-services-auth:10.2.1] AndroidManifest.xml:24:88-182
	android:name
		ADDED from [com.google.android.gms:play-services-auth:10.2.1] AndroidManifest.xml:24:18-63
activity#com.google.android.gms.common.api.GoogleApiActivity
ADDED from [com.google.android.gms:play-services-base:10.2.1] AndroidManifest.xml:19:9-172
	android:exported
		ADDED from [com.google.android.gms:play-services-base:10.2.1] AndroidManifest.xml:19:146-170
	android:theme
		ADDED from [com.google.android.gms:play-services-base:10.2.1] AndroidManifest.xml:19:86-145
	android:name
		ADDED from [com.google.android.gms:play-services-base:10.2.1] AndroidManifest.xml:19:19-85
meta-data#com.google.android.gms.version
ADDED from [com.google.android.gms:play-services-basement:10.2.1] AndroidManifest.xml:20:9-121
	android:value
		ADDED from [com.google.android.gms:play-services-basement:10.2.1] AndroidManifest.xml:20:66-119
	android:name
		ADDED from [com.google.android.gms:play-services-basement:10.2.1] AndroidManifest.xml:20:20-65
meta-data#android.support.VERSION
ADDED from [com.android.support:support-v4:25.3.1] AndroidManifest.xml:25:5-27:34
MERGED from [com.android.support:support-compat:25.3.1] AndroidManifest.xml:25:5-27:34
MERGED from [com.android.support:support-media-compat:25.3.1] AndroidManifest.xml:25:5-27:34
MERGED from [com.android.support:support-core-utils:25.3.1] AndroidManifest.xml:25:5-27:34
MERGED from [com.android.support:support-core-ui:25.3.1] AndroidManifest.xml:25:5-27:34
MERGED from [com.android.support:support-fragment:25.3.1] AndroidManifest.xml:25:5-27:34
MERGED from [com.android.support:appcompat-v7:25.3.1] AndroidManifest.xml:25:5-27:34
MERGED from [com.android.support:support-vector-drawable:25.3.1] AndroidManifest.xml:22:5-24:34
MERGED from [com.android.support:animated-vector-drawable:25.3.1] AndroidManifest.xml:22:5-24:34
MERGED from [com.android.support:cardview-v7:25.3.1] AndroidManifest.xml:22:5-24:34
MERGED from [com.android.support:customtabs:25.3.1] AndroidManifest.xml:22:5-24:34
	android:value
		ADDED from [com.android.support:support-v4:25.3.1] AndroidManifest.xml:27:9-31
	android:name
		ADDED from [com.android.support:support-v4:25.3.1] AndroidManifest.xml:26:9-47
activity#com.facebook.CustomTabMainActivity
ADDED from [com.facebook.android:facebook-android-sdk:4.23.0] AndroidManifest.xml:33:9-71
	android:name
		ADDED from [com.facebook.android:facebook-android-sdk:4.23.0] AndroidManifest.xml:33:19-68
provider#com.facebook.internal.FacebookInitProvider
ADDED from [com.facebook.android:facebook-android-sdk:4.23.0] AndroidManifest.xml:44:9-47:40
	android:authorities
		ADDED from [com.facebook.android:facebook-android-sdk:4.23.0] AndroidManifest.xml:46:13-72
	android:exported
		ADDED from [com.facebook.android:facebook-android-sdk:4.23.0] AndroidManifest.xml:47:13-37
	android:name
		ADDED from [com.facebook.android:facebook-android-sdk:4.23.0] AndroidManifest.xml:45:13-70